<persistence xmlns="http://java.sun.com/xml/ns/persistence" version="1.0">

  <persistence-unit name="addressBookUnit" transaction-type="RESOURCE_LOCAL">
    <class>com.exilesoft.exercise.company.type.CompanyType</class>
  </persistence-unit>

</persistence>